# JRE version: Java(TM) SE Runtime Environment (8.0_20-b26) (build 1.8.0_20-b26)
# Java VM: Java HotSpot(TM) 64-Bit Server VM (25.20-b23 mixed mode windows-amd64 compressed oops)
Heap:
 PSYoungGen      total 523776K, used 395528K [0x00000000d5f00000, 0x00000000fe900000, 0x0000000100000000)
  eden space 441856K, 70% used [0x00000000d5f00000,0x00000000e9149db8,0x00000000f0e80000)
  from space 81920K, 99% used [0x00000000f7100000,0x00000000fc0f8368,0x00000000fc100000)
  to   space 100864K, 0% used [0x00000000f0e80000,0x00000000f0e80000,0x00000000f7100000)
 ParOldGen       total 312320K, used 214501K [0x0000000081c00000, 0x0000000094d00000, 0x00000000d5f00000)
  object space 312320K, 68% used [0x0000000081c00000,0x000000008ed79490,0x0000000094d00000)
 Metaspace       used 3798K, capacity 4604K, committed 4864K, reserved 1056768K
  class space    used 420K, capacity 428K, committed 512K, reserved 1048576K
GC Heap History (10 events):
Event: 18.089 GC heap before
{Heap before GC invocations=12 (full 1):
 PSYoungGen      total 443392K, used 425918K [0x00000000d5f00000, 0x00000000f5e80000, 0x0000000100000000)
  eden space 399872K, 100% used [0x00000000d5f00000,0x00000000ee580000,0x00000000ee580000)
  from space 43520K, 59% used [0x00000000f1c00000,0x00000000f356fb48,0x00000000f4680000)
  to   space 55808K, 0% used [0x00000000ee580000,0x00000000ee580000,0x00000000f1c00000)
 ParOldGen       total 168448K, used 87408K [0x0000000081c00000, 0x000000008c080000, 0x00000000d5f00000)
  object space 168448K, 51% used [0x0000000081c00000,0x000000008715c2f0,0x000000008c080000)
 Metaspace       used 3770K, capacity 4534K, committed 4864K, reserved 1056768K
  class space    used 415K, capacity 426K, committed 512K, reserved 1048576K
Event: 18.189 GC heap after
Heap after GC invocations=12 (full 1):
 PSYoungGen      total 455680K, used 43889K [0x00000000d5f00000, 0x00000000f8600000, 0x0000000100000000)
  eden space 399872K, 0% used [0x00000000d5f00000,0x00000000d5f00000,0x00000000ee580000)
  from space 55808K, 78% used [0x00000000ee580000,0x00000000f105c518,0x00000000f1c00000)
  to   space 60928K, 0% used [0x00000000f4a80000,0x00000000f4a80000,0x00000000f8600000)
 ParOldGen       total 168448K, used 113616K [0x0000000081c00000, 0x000000008c080000, 0x00000000d5f00000)
  object space 168448K, 67% used [0x0000000081c00000,0x0000000088af42f0,0x000000008c080000)
 Metaspace       used 3770K, capacity 4534K, committed 4864K, reserved 1056768K
  class space    used 415K, capacity 426K, committed 512K, reserved 1048576K
}
Event: 22.612 GC heap before
{Heap before GC invocations=13 (full 1):
 PSYoungGen      total 455680K, used 443761K [0x00000000d5f00000, 0x00000000f8600000, 0x0000000100000000)
  eden space 399872K, 100% used [0x00000000d5f00000,0x00000000ee580000,0x00000000ee580000)
  from space 55808K, 78% used [0x00000000ee580000,0x00000000f105c518,0x00000000f1c00000)
  to   space 60928K, 0% used [0x00000000f4a80000,0x00000000f4a80000,0x00000000f8600000)
 ParOldGen       total 168448K, used 113616K [0x0000000081c00000, 0x000000008c080000, 0x00000000d5f00000)
  object space 168448K, 67% used [0x0000000081c00000,0x0000000088af42f0,0x000000008c080000)
 Metaspace       used 3770K, capacity 4534K, committed 4864K, reserved 1056768K
  class space    used 415K, capacity 426K, committed 512K, reserved 1048576K
Event: 22.711 GC heap after
Heap after GC invocations=13 (full 1):
 PSYoungGen      total 483328K, used 60905K [0x00000000d5f00000, 0x00000000fad80000, 0x0000000100000000)
  eden space 422400K, 0% used [0x00000000d5f00000,0x00000000d5f00000,0x00000000efb80000)
  from space 60928K, 99% used [0x00000000f4a80000,0x00000000f85fa798,0x00000000f8600000)
  to   space 80896K, 0% used [0x00000000efb80000,0x00000000efb80000,0x00000000f4a80000)
 ParOldGen       total 168448K, used 140280K [0x0000000081c00000, 0x000000008c080000, 0x00000000d5f00000)
  object space 168448K, 83% used [0x0000000081c00000,0x000000008a4fe2f0,0x000000008c080000)
 Metaspace       used 3770K, capacity 4534K, committed 4864K, reserved 1056768K
  class space    used 415K, capacity 426K, committed 512K, reserved 1048576K
}
Event: 22.711 GC heap before
{Heap before GC invocations=14 (full 2):
 PSYoungGen      total 483328K, used 60905K [0x00000000d5f00000, 0x00000000fad80000, 0x0000000100000000)
  eden space 422400K, 0% used [0x00000000d5f00000,0x00000000d5f00000,0x00000000efb80000)
  from space 60928K, 99% used [0x00000000f4a80000,0x00000000f85fa798,0x00000000f8600000)
  to   space 80896K, 0% used [0x00000000efb80000,0x00000000efb80000,0x00000000f4a80000)
 ParOldGen       total 168448K, used 140280K [0x0000000081c00000, 0x000000008c080000, 0x00000000d5f00000)
  object space 168448K, 83% used [0x0000000081c00000,0x000000008a4fe2f0,0x000000008c080000)
 Metaspace       used 3770K, capacity 4534K, committed 4864K, reserved 1056768K
  class space    used 415K, capacity 426K, committed 512K, reserved 1048576K
Event: 24.209 GC heap after
Heap after GC invocations=14 (full 2):
 PSYoungGen      total 483328K, used 32191K [0x00000000d5f00000, 0x00000000fad80000, 0x0000000100000000)
  eden space 422400K, 0% used [0x00000000d5f00000,0x00000000d5f00000,0x00000000efb80000)
  from space 60928K, 52% used [0x00000000f4a80000,0x00000000f69efcb0,0x00000000f8600000)
  to   space 80896K, 0% used [0x00000000efb80000,0x00000000efb80000,0x00000000f4a80000)
 ParOldGen       total 312320K, used 168165K [0x0000000081c00000, 0x0000000094d00000, 0x00000000d5f00000)
  object space 312320K, 53% used [0x0000000081c00000,0x000000008c039490,0x0000000094d00000)
 Metaspace       used 3770K, capacity 4534K, committed 4864K, reserved 1056768K
  class space    used 415K, capacity 426K, committed 512K, reserved 1048576K
}
Event: 28.133 GC heap before
{Heap before GC invocations=15 (full 2):
 PSYoungGen      total 483328K, used 454591K [0x00000000d5f00000, 0x00000000fad80000, 0x0000000100000000)
  eden space 422400K, 100% used [0x00000000d5f00000,0x00000000efb80000,0x00000000efb80000)
  from space 60928K, 52% used [0x00000000f4a80000,0x00000000f69efcb0,0x00000000f8600000)
  to   space 80896K, 0% used [0x00000000efb80000,0x00000000efb80000,0x00000000f4a80000)
 ParOldGen       total 312320K, used 168165K [0x0000000081c00000, 0x0000000094d00000, 0x00000000d5f00000)
  object space 312320K, 53% used [0x0000000081c00000,0x000000008c039490,0x0000000094d00000)
 Metaspace       used 3772K, capacity 4534K, committed 4864K, reserved 1056768K
  class space    used 415K, capacity 426K, committed 512K, reserved 1048576K
Event: 28.257 GC heap after
Heap after GC invocations=15 (full 2):
 PSYoungGen      total 503296K, used 47833K [0x00000000d5f00000, 0x00000000fc100000, 0x0000000100000000)
  eden space 422400K, 0% used [0x00000000d5f00000,0x00000000d5f00000,0x00000000efb80000)
  from space 80896K, 59% used [0x00000000efb80000,0x00000000f2a36520,0x00000000f4a80000)
  to   space 81920K, 0% used [0x00000000f7100000,0x00000000f7100000,0x00000000fc100000)
 ParOldGen       total 312320K, used 200541K [0x0000000081c00000, 0x0000000094d00000, 0x00000000d5f00000)
  object space 312320K, 64% used [0x0000000081c00000,0x000000008dfd7490,0x0000000094d00000)
 Metaspace       used 3772K, capacity 4534K, committed 4864K, reserved 1056768K
  class space    used 415K, capacity 426K, committed 512K, reserved 1048576K
}
Event: 32.099 GC heap before
{Heap before GC invocations=16 (full 2):
 PSYoungGen      total 503296K, used 470233K [0x00000000d5f00000, 0x00000000fc100000, 0x0000000100000000)
  eden space 422400K, 100% used [0x00000000d5f00000,0x00000000efb80000,0x00000000efb80000)
  from space 80896K, 59% used [0x00000000efb80000,0x00000000f2a36520,0x00000000f4a80000)
  to   space 81920K, 0% used [0x00000000f7100000,0x00000000f7100000,0x00000000fc100000)
 ParOldGen       total 312320K, used 200541K [0x0000000081c00000, 0x0000000094d00000, 0x00000000d5f00000)
  object space 312320K, 64% used [0x0000000081c00000,0x000000008dfd7490,0x0000000094d00000)
 Metaspace       used 3772K, capacity 4534K, committed 4864K, reserved 1056768K
  class space    used 415K, capacity 426K, committed 512K, reserved 1048576K
Event: 32.215 GC heap after
Heap after GC invocations=16 (full 2):
 PSYoungGen      total 523776K, used 81888K [0x00000000d5f00000, 0x00000000fe900000, 0x0000000100000000)
  eden space 441856K, 0% used [0x00000000d5f00000,0x00000000d5f00000,0x00000000f0e80000)
  from space 81920K, 99% used [0x00000000f7100000,0x00000000fc0f8368,0x00000000fc100000)
  to   space 100864K, 0% used [0x00000000f0e80000,0x00000000f0e80000,0x00000000f7100000)
 ParOldGen       total 312320K, used 214501K [0x0000000081c00000, 0x0000000094d00000, 0x00000000d5f00000)
  object space 312320K, 68% used [0x0000000081c00000,0x000000008ed79490,0x0000000094d00000)
 Metaspace       used 3772K, capacity 4534K, committed 4864K, reserved 1056768K
  class space    used 415K, capacity 426K, committed 512K, reserved 1048576K
}

